[{"stream_name":"stderr","time":10.490702962,"data":"[NbConvertApp] Converting notebook __notebook__.ipynb to notebook\n"}
,{"stream_name":"stderr","time":16.78060986,"data":"[NbConvertApp] Executing notebook with kernel: python3\n"}
,{"stream_name":"stderr","time":78.240707839,"data":"[NbConvertApp] Writing 687623 bytes to __notebook__.ipynb\n"}
,{"stream_name":"stderr","time":84.207098778,"data":"[NbConvertApp] Converting notebook __notebook__.ipynb to html\n"}
,{"stream_name":"stderr","time":87.853816686,"data":"[NbConvertApp] Support files will be in __results___files/\n"}
,{"stream_name":"stderr","time":87.853851746,"data":"[NbConvertApp] Making directory __results___files\n"}
,{"stream_name":"stderr","time":87.853935586,"data":"[NbConvertApp] Making directory __results___files\n"}
,{"stream_name":"stderr","time":87.854853896,"data":"[NbConvertApp] Making directory __results___files\n"}
,{"stream_name":"stderr","time":87.854910116,"data":"[NbConvertApp] Making directory __results___files\n"}
,{"stream_name":"stderr","time":87.854919126,"data":"[NbConvertApp] Making directory __results___files\n"}
,{"stream_name":"stderr","time":87.854925526,"data":"[NbConvertApp] Making directory __results___files\n"}
,{"stream_name":"stderr","time":87.854931716,"data":"[NbConvertApp] Making directory __results___files\n"}
,{"stream_name":"stderr","time":87.854938206,"data":"[NbConvertApp] Making directory __results___files\n"}
,{"stream_name":"stderr","time":87.855754515,"data":"[NbConvertApp] Making directory __results___files\n"}
,{"stream_name":"stderr","time":87.855777775,"data":"[NbConvertApp] Making directory __results___files\n"}
,{"stream_name":"stderr","time":87.855784835,"data":"[NbConvertApp] Making directory __results___files\n"}
,{"stream_name":"stderr","time":87.855790555,"data":"[NbConvertApp] Making directory __results___files\n"}
,{"stream_name":"stderr","time":87.855800406,"data":"[NbConvertApp] Making directory __results___files\n"}
,{"stream_name":"stderr","time":87.856054166,"data":"[NbConvertApp] Making directory __results___files\n"}
,{"stream_name":"stderr","time":87.856227695,"data":"[NbConvertApp] Making directory __results___files\n"}
,{"stream_name":"stderr","time":87.856437875,"data":"[NbConvertApp] Making directory __results___files\n"}
,{"stream_name":"stderr","time":87.856629945,"data":"[NbConvertApp] Making directory __results___files\n"}
,{"stream_name":"stderr","time":87.856895475,"data":"[NbConvertApp] Making directory __results___files\n"}
,{"stream_name":"stderr","time":87.857049875,"data":"[NbConvertApp] Making directory __results___files\n"}
,{"stream_name":"stderr","time":87.857245555,"data":"[NbConvertApp] Making directory __results___files\n"}
,{"stream_name":"stderr","time":87.857446855,"data":"[NbConvertApp] Making directory __results___files\n"}
,{"stream_name":"stderr","time":87.857648765,"data":"[NbConvertApp] Making directory __results___files\n"}
,{"stream_name":"stderr","time":87.857878805,"data":"[NbConvertApp] Making directory __results___files\n"}
,{"stream_name":"stderr","time":87.858066735,"data":"[NbConvertApp] Making directory __results___files\n"}
,{"stream_name":"stderr","time":87.858254195,"data":"[NbConvertApp] Making directory __results___files\n"}
,{"stream_name":"stderr","time":87.858452115,"data":"[NbConvertApp] Making directory __results___files\n"}
,{"stream_name":"stderr","time":87.858721605,"data":"[NbConvertApp] Making directory __results___files\n"}
,{"stream_name":"stderr","time":87.858896155,"data":"[NbConvertApp] Making directory __results___files\n"}
,{"stream_name":"stderr","time":87.859110135,"data":"[NbConvertApp] Making directory __results___files\n"}
,{"stream_name":"stderr","time":87.859273425,"data":"[NbConvertApp] Making directory __results___files\n"}
,{"stream_name":"stderr","time":87.859496554,"data":"[NbConvertApp] Making directory __results___files\n"}
,{"stream_name":"stderr","time":87.859749445,"data":"[NbConvertApp] Making directory __results___files\n"}
,{"stream_name":"stderr","time":87.859890505,"data":"[NbConvertApp] Making directory __results___files\n"}
,{"stream_name":"stderr","time":87.860088794,"data":"[NbConvertApp] Making directory __results___files\n"}
,{"stream_name":"stderr","time":87.860294424,"data":"[NbConvertApp] Making directory __results___files\n"}
,{"stream_name":"stderr","time":87.860502614,"data":"[NbConvertApp] Making directory __results___files\n"}
,{"stream_name":"stderr","time":87.860736874,"data":"[NbConvertApp] Making directory __results___files\n"}
,{"stream_name":"stderr","time":87.860954784,"data":"[NbConvertApp] Making directory __results___files\n"}
,{"stream_name":"stderr","time":87.861156644,"data":"[NbConvertApp] Making directory __results___files\n"}
,{"stream_name":"stderr","time":87.861404584,"data":"[NbConvertApp] Writing 565477 bytes to __results__.html\n"}
]